<?xml version="1.0" encoding="UTF-8"?>
<testsuite xmlns:xsi="http://www.w3.org/2001/XMLSchema-instance" xsi:noNamespaceSchemaLocation="https://maven.apache.org/surefire/maven-surefire-plugin/xsd/surefire-test-report-3.0.xsd" version="3.0" name="org.acme.schooltimetabling.solver.TimetableConstraintProviderTest" time="0.076" tests="6" errors="0" skipped="0" failures="0">
  <properties>
    <property name="container" value="true"/>
    <property name="java.specification.version" value="19"/>
    <property name="sun.cpu.isalist" value="amd64"/>
    <property name="test.url" value="http://localhost:8081"/>
    <property name="sun.jnu.encoding" value="Cp1252"/>
    <property name="java.class.path" value="C:\Users\stage3\Desktop\Progetto finale - In4Tek\school-timetabling\target\test-classes;C:\Users\stage3\Desktop\Progetto finale - In4Tek\school-timetabling\target\classes;C:\Users\stage3\.m2\repository\io\quarkus\quarkus-resteasy\3.4.3\quarkus-resteasy-3.4.3.jar;C:\Users\stage3\.m2\repository\io\quarkus\quarkus-vertx-http\3.4.3\quarkus-vertx-http-3.4.3.jar;C:\Users\stage3\.m2\repository\io\quarkus\quarkus-security-runtime-spi\3.4.3\quarkus-security-runtime-spi-3.4.3.jar;C:\Users\stage3\.m2\repository\io\quarkus\quarkus-credentials\3.4.3\quarkus-credentials-3.4.3.jar;C:\Users\stage3\.m2\repository\io\quarkus\quarkus-mutiny\3.4.3\quarkus-mutiny-3.4.3.jar;C:\Users\stage3\.m2\repository\io\smallrye\reactive\mutiny\2.3.1\mutiny-2.3.1.jar;C:\Users\stage3\.m2\repository\io\quarkus\quarkus-smallrye-context-propagation\3.4.3\quarkus-smallrye-context-propagation-3.4.3.jar;C:\Users\stage3\.m2\repository\io\smallrye\smallrye-context-propagation\2.1.0\smallrye-context-propagation-2.1.0.jar;C:\Users\stage3\.m2\repository\io\smallrye\smallrye-context-propagation-api\2.1.0\smallrye-context-propagation-api-2.1.0.jar;C:\Users\stage3\.m2\repository\io\smallrye\smallrye-context-propagation-storage\2.1.0\smallrye-context-propagation-storage-2.1.0.jar;C:\Users\stage3\.m2\repository\io\smallrye\reactive\mutiny-smallrye-context-propagation\2.3.1\mutiny-smallrye-context-propagation-2.3.1.jar;C:\Users\stage3\.m2\repository\io\smallrye\common\smallrye-common-vertx-context\2.1.2\smallrye-common-vertx-context-2.1.2.jar;C:\Users\stage3\.m2\repository\io\vertx\vertx-core\4.4.5\vertx-core-4.4.5.jar;C:\Users\stage3\.m2\repository\io\netty\netty-common\4.1.100.Final\netty-common-4.1.100.Final.jar;C:\Users\stage3\.m2\repository\io\netty\netty-buffer\4.1.100.Final\netty-buffer-4.1.100.Final.jar;C:\Users\stage3\.m2\repository\io\netty\netty-transport\4.1.100.Final\netty-transport-4.1.100.Final.jar;C:\Users\stage3\.m2\repository\io\netty\netty-handler\4.1.100.Final\netty-handler-4.1.100.Final.jar;C:\Users\stage3\.m2\repository\io\netty\netty-transport-native-unix-common\4.1.100.Final\netty-transport-native-unix-common-4.1.100.Final.jar;C:\Users\stage3\.m2\repository\io\netty\netty-handler-proxy\4.1.100.Final\netty-handler-proxy-4.1.100.Final.jar;C:\Users\stage3\.m2\repository\io\netty\netty-codec-socks\4.1.100.Final\netty-codec-socks-4.1.100.Final.jar;C:\Users\stage3\.m2\repository\io\netty\netty-codec-http\4.1.100.Final\netty-codec-http-4.1.100.Final.jar;C:\Users\stage3\.m2\repository\io\netty\netty-codec-http2\4.1.100.Final\netty-codec-http2-4.1.100.Final.jar;C:\Users\stage3\.m2\repository\io\netty\netty-resolver\4.1.100.Final\netty-resolver-4.1.100.Final.jar;C:\Users\stage3\.m2\repository\io\netty\netty-resolver-dns\4.1.100.Final\netty-resolver-dns-4.1.100.Final.jar;C:\Users\stage3\.m2\repository\io\netty\netty-codec-dns\4.1.100.Final\netty-codec-dns-4.1.100.Final.jar;C:\Users\stage3\.m2\repository\io\smallrye\common\smallrye-common-constraint\2.1.2\smallrye-common-constraint-2.1.2.jar;C:\Users\stage3\.m2\repository\io\quarkus\quarkus-vertx-http-dev-console-runtime-spi\3.4.3\quarkus-vertx-http-dev-console-runtime-spi-3.4.3.jar;C:\Users\stage3\.m2\repository\io\quarkus\security\quarkus-security\2.0.2.Final\quarkus-security-2.0.2.Final.jar;C:\Users\stage3\.m2\repository\io\quarkus\quarkus-vertx\3.4.3\quarkus-vertx-3.4.3.jar;C:\Users\stage3\.m2\repository\io\quarkus\quarkus-netty\3.4.3\quarkus-netty-3.4.3.jar;C:\Users\stage3\.m2\repository\io\netty\netty-codec\4.1.100.Final\netty-codec-4.1.100.Final.jar;C:\Users\stage3\.m2\repository\com\aayushatharva\brotli4j\brotli4j\1.12.0\brotli4j-1.12.0.jar;C:\Users\stage3\.m2\repository\com\aayushatharva\brotli4j\service\1.12.0\service-1.12.0.jar;C:\Users\stage3\.m2\repository\com\aayushatharva\brotli4j\native-windows-x86_64\1.12.0\native-windows-x86_64-1.12.0.jar;C:\Users\stage3\.m2\repository\io\netty\netty-codec-haproxy\4.1.100.Final\netty-codec-haproxy-4.1.100.Final.jar;C:\Users\stage3\.m2\repository\io\smallrye\common\smallrye-common-annotation\2.1.2\smallrye-common-annotation-2.1.2.jar;C:\Users\stage3\.m2\repository\io\quarkus\quarkus-virtual-threads\3.4.3\quarkus-virtual-threads-3.4.3.jar;C:\Users\stage3\.m2\repository\io\quarkus\quarkus-vertx-latebound-mdc-provider\3.4.3\quarkus-vertx-latebound-mdc-provider-3.4.3.jar;C:\Users\stage3\.m2\repository\io\smallrye\reactive\smallrye-mutiny-vertx-core\3.5.0\smallrye-mutiny-vertx-core-3.5.0.jar;C:\Users\stage3\.m2\repository\io\smallrye\reactive\smallrye-mutiny-vertx-runtime\3.5.0\smallrye-mutiny-vertx-runtime-3.5.0.jar;C:\Users\stage3\.m2\repository\io\smallrye\reactive\vertx-mutiny-generator\3.5.0\vertx-mutiny-generator-3.5.0.jar;C:\Users\stage3\.m2\repository\io\vertx\vertx-codegen\4.4.5\vertx-codegen-4.4.5.jar;C:\Users\stage3\.m2\repository\io\smallrye\smallrye-fault-tolerance-vertx\6.2.6\smallrye-fault-tolerance-vertx-6.2.6.jar;C:\Users\stage3\.m2\repository\io\smallrye\reactive\smallrye-mutiny-vertx-web\3.5.0\smallrye-mutiny-vertx-web-3.5.0.jar;C:\Users\stage3\.m2\repository\io\smallrye\reactive\smallrye-mutiny-vertx-web-common\3.5.0\smallrye-mutiny-vertx-web-common-3.5.0.jar;C:\Users\stage3\.m2\repository\io\smallrye\reactive\smallrye-mutiny-vertx-auth-common\3.5.0\smallrye-mutiny-vertx-auth-common-3.5.0.jar;C:\Users\stage3\.m2\repository\io\smallrye\reactive\smallrye-mutiny-vertx-bridge-common\3.5.0\smallrye-mutiny-vertx-bridge-common-3.5.0.jar;C:\Users\stage3\.m2\repository\io\smallrye\reactive\smallrye-mutiny-vertx-uri-template\3.5.0\smallrye-mutiny-vertx-uri-template-3.5.0.jar;C:\Users\stage3\.m2\repository\io\vertx\vertx-uri-template\4.4.5\vertx-uri-template-4.4.5.jar;C:\Users\stage3\.m2\repository\io\vertx\vertx-web\4.4.5\vertx-web-4.4.5.jar;C:\Users\stage3\.m2\repository\io\vertx\vertx-web-common\4.4.5\vertx-web-common-4.4.5.jar;C:\Users\stage3\.m2\repository\io\vertx\vertx-auth-common\4.4.5\vertx-auth-common-4.4.5.jar;C:\Users\stage3\.m2\repository\io\vertx\vertx-bridge-common\4.4.5\vertx-bridge-common-4.4.5.jar;C:\Users\stage3\.m2\repository\io\github\crac\org-crac\0.1.3\org-crac-0.1.3.jar;C:\Users\stage3\.m2\repository\io\quarkus\quarkus-resteasy-server-common\3.4.3\quarkus-resteasy-server-common-3.4.3.jar;C:\Users\stage3\.m2\repository\io\quarkus\quarkus-resteasy-common\3.4.3\quarkus-resteasy-common-3.4.3.jar;C:\Users\stage3\.m2\repository\org\jboss\resteasy\resteasy-core\6.2.5.Final\resteasy-core-6.2.5.Final.jar;C:\Users\stage3\.m2\repository\org\reactivestreams\reactive-streams\1.0.4\reactive-streams-1.0.4.jar;C:\Users\stage3\.m2\repository\com\ibm\async\asyncutil\0.1.0\asyncutil-0.1.0.jar;C:\Users\stage3\.m2\repository\org\eclipse\angus\angus-activation\2.0.1\angus-activation-2.0.1.jar;C:\Users\stage3\.m2\repository\jakarta\ws\rs\jakarta.ws.rs-api\3.1.0\jakarta.ws.rs-api-3.1.0.jar;C:\Users\stage3\.m2\repository\org\jboss\resteasy\microprofile\microprofile-config\2.1.4.Final\microprofile-config-2.1.4.Final.jar;C:\Users\stage3\.m2\repository\jakarta\servlet\jakarta.servlet-api\6.0.0\jakarta.servlet-api-6.0.0.jar;C:\Users\stage3\.m2\repository\org\jboss\resteasy\resteasy-cdi\6.2.5.Final\resteasy-cdi-6.2.5.Final.jar;C:\Users\stage3\.m2\repository\jakarta\interceptor\jakarta.interceptor-api\2.1.0\jakarta.interceptor-api-2.1.0.jar;C:\Users\stage3\.m2\repository\org\jboss\resteasy\resteasy-core-spi\6.2.5.Final\resteasy-core-spi-6.2.5.Final.jar;C:\Users\stage3\.m2\repository\org\jboss\weld\weld-api\5.0.SP2\weld-api-5.0.SP2.jar;C:\Users\stage3\.m2\repository\jakarta\validation\jakarta.validation-api\3.0.2\jakarta.validation-api-3.0.2.jar;C:\Users\stage3\.m2\repository\io\quarkus\quarkus-resteasy-jackson\3.4.3\quarkus-resteasy-jackson-3.4.3.jar;C:\Users\stage3\.m2\repository\io\quarkus\quarkus-jackson\3.4.3\quarkus-jackson-3.4.3.jar;C:\Users\stage3\.m2\repository\com\fasterxml\jackson\datatype\jackson-datatype-jsr310\2.15.2\jackson-datatype-jsr310-2.15.2.jar;C:\Users\stage3\.m2\repository\com\fasterxml\jackson\datatype\jackson-datatype-jdk8\2.15.2\jackson-datatype-jdk8-2.15.2.jar;C:\Users\stage3\.m2\repository\com\fasterxml\jackson\module\jackson-module-parameter-names\2.15.2\jackson-module-parameter-names-2.15.2.jar;C:\Users\stage3\.m2\repository\org\jboss\resteasy\resteasy-jackson2-provider\6.2.5.Final\resteasy-jackson2-provider-6.2.5.Final.jar;C:\Users\stage3\.m2\repository\com\fasterxml\jackson\core\jackson-core\2.15.2\jackson-core-2.15.2.jar;C:\Users\stage3\.m2\repository\com\fasterxml\jackson\core\jackson-annotations\2.15.2\jackson-annotations-2.15.2.jar;C:\Users\stage3\.m2\repository\com\fasterxml\jackson\jakarta\rs\jackson-jakarta-rs-base\2.15.2\jackson-jakarta-rs-base-2.15.2.jar;C:\Users\stage3\.m2\repository\com\fasterxml\jackson\jakarta\rs\jackson-jakarta-rs-json-provider\2.15.2\jackson-jakarta-rs-json-provider-2.15.2.jar;C:\Users\stage3\.m2\repository\com\fasterxml\jackson\module\jackson-module-jakarta-xmlbind-annotations\2.15.2\jackson-module-jakarta-xmlbind-annotations-2.15.2.jar;C:\Users\stage3\.m2\repository\com\github\java-json-tools\json-patch\1.13\json-patch-1.13.jar;C:\Users\stage3\.m2\repository\com\github\java-json-tools\msg-simple\1.2\msg-simple-1.2.jar;C:\Users\stage3\.m2\repository\com\github\java-json-tools\btf\1.3\btf-1.3.jar;C:\Users\stage3\.m2\repository\com\github\java-json-tools\jackson-coreutils\2.0\jackson-coreutils-2.0.jar;C:\Users\stage3\.m2\repository\org\jboss\logging\jboss-logging\3.5.3.Final\jboss-logging-3.5.3.Final.jar;C:\Users\stage3\.m2\repository\jakarta\xml\bind\jakarta.xml.bind-api\4.0.0\jakarta.xml.bind-api-4.0.0.jar;C:\Users\stage3\.m2\repository\jakarta\activation\jakarta.activation-api\2.1.2\jakarta.activation-api-2.1.2.jar;C:\Users\stage3\.m2\repository\io\quarkus\quarkus-smallrye-openapi\3.4.3\quarkus-smallrye-openapi-3.4.3.jar;C:\Users\stage3\.m2\repository\io\smallrye\smallrye-open-api-core\3.5.2\smallrye-open-api-core-3.5.2.jar;C:\Users\stage3\.m2\repository\org\eclipse\microprofile\openapi\microprofile-openapi-api\3.1.1\microprofile-openapi-api-3.1.1.jar;C:\Users\stage3\.m2\repository\org\eclipse\microprofile\config\microprofile-config-api\3.0.3\microprofile-config-api-3.0.3.jar;C:\Users\stage3\.m2\repository\com\fasterxml\jackson\dataformat\jackson-dataformat-yaml\2.15.2\jackson-dataformat-yaml-2.15.2.jar;C:\Users\stage3\.m2\repository\org\yaml\snakeyaml\2.1\snakeyaml-2.1.jar;C:\Users\stage3\.m2\repository\io\smallrye\jandex\3.1.3\jandex-3.1.3.jar;C:\Users\stage3\.m2\repository\io\quarkus\quarkus-core\3.4.3\quarkus-core-3.4.3.jar;C:\Users\stage3\.m2\repository\jakarta\annotation\jakarta.annotation-api\2.1.1\jakarta.annotation-api-2.1.1.jar;C:\Users\stage3\.m2\repository\jakarta\enterprise\jakarta.enterprise.cdi-api\4.0.1\jakarta.enterprise.cdi-api-4.0.1.jar;C:\Users\stage3\.m2\repository\jakarta\enterprise\jakarta.enterprise.lang-model\4.0.1\jakarta.enterprise.lang-model-4.0.1.jar;C:\Users\stage3\.m2\repository\jakarta\el\jakarta.el-api\5.0.1\jakarta.el-api-5.0.1.jar;C:\Users\stage3\.m2\repository\io\smallrye\common\smallrye-common-os\2.1.2\smallrye-common-os-2.1.2.jar;C:\Users\stage3\.m2\repository\io\quarkus\quarkus-ide-launcher\3.4.3\quarkus-ide-launcher-3.4.3.jar;C:\Users\stage3\.m2\repository\io\quarkus\quarkus-development-mode-spi\3.4.3\quarkus-development-mode-spi-3.4.3.jar;C:\Users\stage3\.m2\repository\io\smallrye\config\smallrye-config\3.3.4\smallrye-config-3.3.4.jar;C:\Users\stage3\.m2\repository\io\smallrye\config\smallrye-config-core\3.3.4\smallrye-config-core-3.3.4.jar;C:\Users\stage3\.m2\repository\io\smallrye\common\smallrye-common-classloader\2.1.2\smallrye-common-classloader-2.1.2.jar;C:\Users\stage3\.m2\repository\io\smallrye\config\smallrye-config-common\3.3.4\smallrye-config-common-3.3.4.jar;C:\Users\stage3\.m2\repository\org\jboss\logmanager\jboss-logmanager\3.0.2.Final\jboss-logmanager-3.0.2.Final.jar;C:\Users\stage3\.m2\repository\io\smallrye\common\smallrye-common-cpu\2.1.2\smallrye-common-cpu-2.1.2.jar;C:\Users\stage3\.m2\repository\io\smallrye\common\smallrye-common-expression\2.1.2\smallrye-common-expression-2.1.2.jar;C:\Users\stage3\.m2\repository\io\smallrye\common\smallrye-common-function\2.1.2\smallrye-common-function-2.1.2.jar;C:\Users\stage3\.m2\repository\io\smallrye\common\smallrye-common-net\2.1.2\smallrye-common-net-2.1.2.jar;C:\Users\stage3\.m2\repository\io\smallrye\common\smallrye-common-ref\2.1.2\smallrye-common-ref-2.1.2.jar;C:\Users\stage3\.m2\repository\jakarta\json\jakarta.json-api\2.1.2\jakarta.json-api-2.1.2.jar;C:\Users\stage3\.m2\repository\org\eclipse\parsson\parsson\1.1.4\parsson-1.1.4.jar;C:\Users\stage3\.m2\repository\org\jboss\logging\jboss-logging-annotations\2.2.1.Final\jboss-logging-annotations-2.2.1.Final.jar;C:\Users\stage3\.m2\repository\org\jboss\threads\jboss-threads\3.5.0.Final\jboss-threads-3.5.0.Final.jar;C:\Users\stage3\.m2\repository\org\jboss\slf4j\slf4j-jboss-logmanager\2.0.0.Final\slf4j-jboss-logmanager-2.0.0.Final.jar;C:\Users\stage3\.m2\repository\org\wildfly\common\wildfly-common\1.5.4.Final-format-001\wildfly-common-1.5.4.Final-format-001.jar;C:\Users\stage3\.m2\repository\io\quarkus\quarkus-bootstrap-runner\3.4.3\quarkus-bootstrap-runner-3.4.3.jar;C:\Users\stage3\.m2\repository\io\quarkus\quarkus-fs-util\0.0.9\quarkus-fs-util-0.0.9.jar;C:\Users\stage3\.m2\repository\io\quarkus\quarkus-arc\3.4.3\quarkus-arc-3.4.3.jar;C:\Users\stage3\.m2\repository\io\quarkus\arc\arc\3.4.3\arc-3.4.3.jar;C:\Users\stage3\.m2\repository\jakarta\transaction\jakarta.transaction-api\2.0.1\jakarta.transaction-api-2.0.1.jar;C:\Users\stage3\.m2\repository\org\eclipse\microprofile\context-propagation\microprofile-context-propagation-api\1.3\microprofile-context-propagation-api-1.3.jar;C:\Users\stage3\.m2\repository\io\quarkus\quarkus-swagger-ui\3.4.3\quarkus-swagger-ui-3.4.3.jar;C:\Users\stage3\.m2\repository\ai\timefold\solver\timefold-solver-quarkus\1.3.0\timefold-solver-quarkus-1.3.0.jar;C:\Users\stage3\.m2\repository\ai\timefold\solver\timefold-solver-core\1.3.0\timefold-solver-core-1.3.0.jar;C:\Users\stage3\.m2\repository\ai\timefold\solver\timefold-solver-core-impl\1.3.0\timefold-solver-core-impl-1.3.0.jar;C:\Users\stage3\.m2\repository\org\apache\commons\commons-math3\3.6.1\commons-math3-3.6.1.jar;C:\Users\stage3\.m2\repository\io\micrometer\micrometer-core\1.11.1\micrometer-core-1.11.1.jar;C:\Users\stage3\.m2\repository\io\micrometer\micrometer-commons\1.11.1\micrometer-commons-1.11.1.jar;C:\Users\stage3\.m2\repository\io\micrometer\micrometer-observation\1.11.1\micrometer-observation-1.11.1.jar;C:\Users\stage3\.m2\repository\org\hdrhistogram\HdrHistogram\2.1.12\HdrHistogram-2.1.12.jar;C:\Users\stage3\.m2\repository\org\latencyutils\LatencyUtils\2.0.3\LatencyUtils-2.0.3.jar;C:\Users\stage3\.m2\repository\org\glassfish\jaxb\jaxb-runtime\4.0.3\jaxb-runtime-4.0.3.jar;C:\Users\stage3\.m2\repository\org\glassfish\jaxb\jaxb-core\4.0.3\jaxb-core-4.0.3.jar;C:\Users\stage3\.m2\repository\org\glassfish\jaxb\txw2\4.0.3\txw2-4.0.3.jar;C:\Users\stage3\.m2\repository\com\sun\istack\istack-commons-runtime\4.1.2\istack-commons-runtime-4.1.2.jar;C:\Users\stage3\.m2\repository\io\quarkus\gizmo\gizmo\1.6.1.Final\gizmo-1.6.1.Final.jar;C:\Users\stage3\.m2\repository\org\ow2\asm\asm\9.5\asm-9.5.jar;C:\Users\stage3\.m2\repository\org\ow2\asm\asm-util\9.5\asm-util-9.5.jar;C:\Users\stage3\.m2\repository\org\ow2\asm\asm-tree\9.5\asm-tree-9.5.jar;C:\Users\stage3\.m2\repository\org\ow2\asm\asm-analysis\9.5\asm-analysis-9.5.jar;C:\Users\stage3\.m2\repository\org\graalvm\sdk\graal-sdk\23.0.1\graal-sdk-23.0.1.jar;C:\Users\stage3\.m2\repository\ai\timefold\solver\timefold-solver-quarkus-jackson\1.3.0\timefold-solver-quarkus-jackson-1.3.0.jar;C:\Users\stage3\.m2\repository\ai\timefold\solver\timefold-solver-jackson\1.3.0\timefold-solver-jackson-1.3.0.jar;C:\Users\stage3\.m2\repository\ai\timefold\solver\timefold-solver-persistence-common\1.3.0\timefold-solver-persistence-common-1.3.0.jar;C:\Users\stage3\.m2\repository\com\fasterxml\jackson\core\jackson-databind\2.15.2\jackson-databind-2.15.2.jar;C:\Users\stage3\.m2\repository\jakarta\inject\jakarta.inject-api\2.0.1\jakarta.inject-api-2.0.1.jar;C:\Users\stage3\.m2\repository\io\quarkus\quarkus-junit5\3.4.3\quarkus-junit5-3.4.3.jar;C:\Users\stage3\.m2\repository\io\quarkus\quarkus-bootstrap-core\3.4.3\quarkus-bootstrap-core-3.4.3.jar;C:\Users\stage3\.m2\repository\io\quarkus\quarkus-bootstrap-app-model\3.4.3\quarkus-bootstrap-app-model-3.4.3.jar;C:\Users\stage3\.m2\repository\io\smallrye\common\smallrye-common-io\2.1.2\smallrye-common-io-2.1.2.jar;C:\Users\stage3\.m2\repository\org\eclipse\sisu\org.eclipse.sisu.inject\0.3.5\org.eclipse.sisu.inject-0.3.5.jar;C:\Users\stage3\.m2\repository\io\quarkus\quarkus-test-common\3.4.3\quarkus-test-common-3.4.3.jar;C:\Users\stage3\.m2\repository\io\quarkus\quarkus-core-deployment\3.4.3\quarkus-core-deployment-3.4.3.jar;C:\Users\stage3\.m2\repository\org\aesh\readline\2.4\readline-2.4.jar;C:\Users\stage3\.m2\repository\org\fusesource\jansi\jansi\2.4.0\jansi-2.4.0.jar;C:\Users\stage3\.m2\repository\org\aesh\aesh\2.7\aesh-2.7.jar;C:\Users\stage3\.m2\repository\org\ow2\asm\asm-commons\9.5\asm-commons-9.5.jar;C:\Users\stage3\.m2\repository\io\quarkus\quarkus-class-change-agent\3.4.3\quarkus-class-change-agent-3.4.3.jar;C:\Users\stage3\.m2\repository\io\quarkus\quarkus-devtools-utilities\3.4.3\quarkus-devtools-utilities-3.4.3.jar;C:\Users\stage3\.m2\repository\io\quarkus\quarkus-builder\3.4.3\quarkus-builder-3.4.3.jar;C:\Users\stage3\.m2\repository\org\junit\platform\junit-platform-launcher\1.9.3\junit-platform-launcher-1.9.3.jar;C:\Users\stage3\.m2\repository\io\quarkus\quarkus-bootstrap-maven-resolver\3.4.3\quarkus-bootstrap-maven-resolver-3.4.3.jar;C:\Users\stage3\.m2\repository\io\smallrye\beanbag\smallrye-beanbag-maven\1.3.2\smallrye-beanbag-maven-1.3.2.jar;C:\Users\stage3\.m2\repository\io\smallrye\beanbag\smallrye-beanbag-sisu\1.3.2\smallrye-beanbag-sisu-1.3.2.jar;C:\Users\stage3\.m2\repository\io\smallrye\beanbag\smallrye-beanbag\1.3.2\smallrye-beanbag-1.3.2.jar;C:\Users\stage3\.m2\repository\javax\inject\javax.inject\1\javax.inject-1.jar;C:\Users\stage3\.m2\repository\org\apache\maven\maven-artifact\3.9.3\maven-artifact-3.9.3.jar;C:\Users\stage3\.m2\repository\org\apache\maven\maven-builder-support\3.9.3\maven-builder-support-3.9.3.jar;C:\Users\stage3\.m2\repository\org\apache\maven\maven-model\3.9.3\maven-model-3.9.3.jar;C:\Users\stage3\.m2\repository\org\apache\maven\maven-model-builder\3.9.3\maven-model-builder-3.9.3.jar;C:\Users\stage3\.m2\repository\org\apache\maven\maven-repository-metadata\3.9.3\maven-repository-metadata-3.9.3.jar;C:\Users\stage3\.m2\repository\org\apache\maven\maven-settings\3.9.3\maven-settings-3.9.3.jar;C:\Users\stage3\.m2\repository\org\apache\maven\resolver\maven-resolver-api\1.9.13\maven-resolver-api-1.9.13.jar;C:\Users\stage3\.m2\repository\org\apache\maven\resolver\maven-resolver-impl\1.9.13\maven-resolver-impl-1.9.13.jar;C:\Users\stage3\.m2\repository\org\apache\maven\resolver\maven-resolver-named-locks\1.9.13\maven-resolver-named-locks-1.9.13.jar;C:\Users\stage3\.m2\repository\org\apache\maven\resolver\maven-resolver-spi\1.9.13\maven-resolver-spi-1.9.13.jar;C:\Users\stage3\.m2\repository\org\apache\maven\resolver\maven-resolver-util\1.9.13\maven-resolver-util-1.9.13.jar;C:\Users\stage3\.m2\repository\org\apache\maven\resolver\maven-resolver-transport-http\1.9.10\maven-resolver-transport-http-1.9.10.jar;C:\Users\stage3\.m2\repository\org\apache\maven\wagon\wagon-provider-api\3.5.3\wagon-provider-api-3.5.3.jar;C:\Users\stage3\.m2\repository\org\apache\maven\wagon\wagon-http-shared\3.5.3\wagon-http-shared-3.5.3.jar;C:\Users\stage3\.m2\repository\org\codehaus\plexus\plexus-interpolation\1.26\plexus-interpolation-1.26.jar;C:\Users\stage3\.m2\repository\org\codehaus\plexus\plexus-utils\3.5.1\plexus-utils-3.5.1.jar;C:\Users\stage3\.m2\repository\org\codehaus\plexus\plexus-xml\4.0.0\plexus-xml-4.0.0.jar;C:\Users\stage3\.m2\repository\org\apache\maven\maven-xml-impl\4.0.0-alpha-5\maven-xml-impl-4.0.0-alpha-5.jar;C:\Users\stage3\.m2\repository\org\apache\maven\maven-api-xml\4.0.0-alpha-5\maven-api-xml-4.0.0-alpha-5.jar;C:\Users\stage3\.m2\repository\org\apache\maven\maven-api-meta\4.0.0-alpha-5\maven-api-meta-4.0.0-alpha-5.jar;C:\Users\stage3\.m2\repository\org\codehaus\plexus\plexus-cipher\2.0\plexus-cipher-2.0.jar;C:\Users\stage3\.m2\repository\org\codehaus\plexus\plexus-sec-dispatcher\2.0\plexus-sec-dispatcher-2.0.jar;C:\Users\stage3\.m2\repository\org\apache\maven\maven-embedder\3.9.3\maven-embedder-3.9.3.jar;C:\Users\stage3\.m2\repository\org\apache\maven\maven-core\3.9.3\maven-core-3.9.3.jar;C:\Users\stage3\.m2\repository\org\codehaus\plexus\plexus-component-annotations\2.1.0\plexus-component-annotations-2.1.0.jar;C:\Users\stage3\.m2\repository\org\apache\maven\maven-plugin-api\3.9.3\maven-plugin-api-3.9.3.jar;C:\Users\stage3\.m2\repository\org\apache\maven\shared\maven-shared-utils\3.3.4\maven-shared-utils-3.3.4.jar;C:\Users\stage3\.m2\repository\com\google\inject\guice\5.1.0\guice-5.1.0.jar;C:\Users\stage3\.m2\repository\aopalliance\aopalliance\1.0\aopalliance-1.0.jar;C:\Users\stage3\.m2\repository\com\google\guava\guava\32.1.1-jre\guava-32.1.1-jre.jar;C:\Users\stage3\.m2\repository\com\google\guava\failureaccess\1.0.1\failureaccess-1.0.1.jar;C:\Users\stage3\.m2\repository\javax\annotation\javax.annotation-api\1.3.2\javax.annotation-api-1.3.2.jar;C:\Users\stage3\.m2\repository\org\codehaus\plexus\plexus-classworlds\2.6.0\plexus-classworlds-2.6.0.jar;C:\Users\stage3\.m2\repository\commons-cli\commons-cli\1.5.0\commons-cli-1.5.0.jar;C:\Users\stage3\.m2\repository\org\eclipse\sisu\org.eclipse.sisu.plexus\0.3.5\org.eclipse.sisu.plexus-0.3.5.jar;C:\Users\stage3\.m2\repository\org\apache\maven\maven-settings-builder\3.9.3\maven-settings-builder-3.9.3.jar;C:\Users\stage3\.m2\repository\org\apache\maven\maven-resolver-provider\3.9.3\maven-resolver-provider-3.9.3.jar;C:\Users\stage3\.m2\repository\org\apache\maven\resolver\maven-resolver-connector-basic\1.9.13\maven-resolver-connector-basic-1.9.13.jar;C:\Users\stage3\.m2\repository\org\apache\maven\resolver\maven-resolver-transport-wagon\1.9.13\maven-resolver-transport-wagon-1.9.13.jar;C:\Users\stage3\.m2\repository\org\apache\maven\wagon\wagon-http\3.5.3\wagon-http-3.5.3.jar;C:\Users\stage3\.m2\repository\org\apache\maven\wagon\wagon-file\3.5.3\wagon-file-3.5.3.jar;C:\Users\stage3\.m2\repository\io\quarkus\quarkus-bootstrap-gradle-resolver\3.4.3\quarkus-bootstrap-gradle-resolver-3.4.3.jar;C:\Users\stage3\.m2\repository\commons-io\commons-io\2.13.0\commons-io-2.13.0.jar;C:\Users\stage3\.m2\repository\org\jboss\logging\commons-logging-jboss-logging\1.0.0.Final\commons-logging-jboss-logging-1.0.0.Final.jar;C:\Users\stage3\.m2\repository\io\quarkus\quarkus-junit5-properties\3.4.3\quarkus-junit5-properties-3.4.3.jar;C:\Users\stage3\.m2\repository\org\junit\jupiter\junit-jupiter\5.9.3\junit-jupiter-5.9.3.jar;C:\Users\stage3\.m2\repository\org\junit\jupiter\junit-jupiter-api\5.9.3\junit-jupiter-api-5.9.3.jar;C:\Users\stage3\.m2\repository\org\opentest4j\opentest4j\1.2.0\opentest4j-1.2.0.jar;C:\Users\stage3\.m2\repository\org\junit\platform\junit-platform-commons\1.9.3\junit-platform-commons-1.9.3.jar;C:\Users\stage3\.m2\repository\org\apiguardian\apiguardian-api\1.1.2\apiguardian-api-1.1.2.jar;C:\Users\stage3\.m2\repository\org\junit\jupiter\junit-jupiter-params\5.9.3\junit-jupiter-params-5.9.3.jar;C:\Users\stage3\.m2\repository\org\junit\jupiter\junit-jupiter-engine\5.9.3\junit-jupiter-engine-5.9.3.jar;C:\Users\stage3\.m2\repository\org\junit\platform\junit-platform-engine\1.9.3\junit-platform-engine-1.9.3.jar;C:\Users\stage3\.m2\repository\com\thoughtworks\xstream\xstream\1.4.20\xstream-1.4.20.jar;C:\Users\stage3\.m2\repository\io\github\x-stream\mxparser\1.2.2\mxparser-1.2.2.jar;C:\Users\stage3\.m2\repository\xmlpull\xmlpull\1.1.3.1\xmlpull-1.1.3.1.jar;C:\Users\stage3\.m2\repository\io\rest-assured\rest-assured\5.3.0\rest-assured-5.3.0.jar;C:\Users\stage3\.m2\repository\org\apache\groovy\groovy\4.0.6\groovy-4.0.6.jar;C:\Users\stage3\.m2\repository\org\apache\groovy\groovy-xml\4.0.6\groovy-xml-4.0.6.jar;C:\Users\stage3\.m2\repository\org\apache\httpcomponents\httpclient\4.5.14\httpclient-4.5.14.jar;C:\Users\stage3\.m2\repository\org\apache\httpcomponents\httpcore\4.4.16\httpcore-4.4.16.jar;C:\Users\stage3\.m2\repository\commons-codec\commons-codec\1.16.0\commons-codec-1.16.0.jar;C:\Users\stage3\.m2\repository\org\apache\httpcomponents\httpmime\4.5.14\httpmime-4.5.14.jar;C:\Users\stage3\.m2\repository\org\hamcrest\hamcrest\2.1\hamcrest-2.1.jar;C:\Users\stage3\.m2\repository\org\ccil\cowan\tagsoup\tagsoup\1.2.1\tagsoup-1.2.1.jar;C:\Users\stage3\.m2\repository\io\rest-assured\json-path\5.3.0\json-path-5.3.0.jar;C:\Users\stage3\.m2\repository\org\apache\groovy\groovy-json\4.0.6\groovy-json-4.0.6.jar;C:\Users\stage3\.m2\repository\io\rest-assured\rest-assured-common\5.3.0\rest-assured-common-5.3.0.jar;C:\Users\stage3\.m2\repository\io\rest-assured\xml-path\5.3.0\xml-path-5.3.0.jar;C:\Users\stage3\.m2\repository\org\apache\commons\commons-lang3\3.12.0\commons-lang3-3.12.0.jar;C:\Users\stage3\.m2\repository\ai\timefold\solver\timefold-solver-test\1.3.0\timefold-solver-test-1.3.0.jar;C:\Users\stage3\.m2\repository\ai\timefold\solver\timefold-solver-constraint-streams\1.3.0\timefold-solver-constraint-streams-1.3.0.jar;C:\Users\stage3\.m2\repository\org\slf4j\slf4j-api\2.0.6\slf4j-api-2.0.6.jar;C:\Users\stage3\.m2\repository\org\awaitility\awaitility\4.2.0\awaitility-4.2.0.jar;C:\Users\stage3\.m2\repository\io\quarkus\quarkus-webjars-locator\3.4.3\quarkus-webjars-locator-3.4.3.jar;C:\Users\stage3\.m2\repository\ai\timefold\solver\timefold-solver-webui\1.3.0\timefold-solver-webui-1.3.0.jar;C:\Users\stage3\.m2\repository\org\webjars\bootstrap\5.2.3\bootstrap-5.2.3.jar;C:\Users\stage3\.m2\repository\org\webjars\jquery\3.6.4\jquery-3.6.4.jar;C:\Users\stage3\.m2\repository\org\webjars\font-awesome\5.15.1\font-awesome-5.15.1.jar;C:\Users\stage3\.m2\repository\org\webjars\npm\js-joda\1.11.0\js-joda-1.11.0.jar;C:\Users\stage3\.m2\repository\io\quarkus\quarkus-container-image-jib\3.4.3\quarkus-container-image-jib-3.4.3.jar;C:\Users\stage3\.m2\repository\io\quarkus\quarkus-container-image\3.4.3\quarkus-container-image-3.4.3.jar;"/>
    <property name="java.vm.vendor" value="Oracle Corporation"/>
    <property name="sun.arch.data.model" value="64"/>
    <property name="user.variant" value=""/>
    <property name="java.vendor.url" value="https://java.oracle.com/"/>
    <property name="user.timezone" value="Europe/Rome"/>
    <property name="logging.initial-configurator.min-level" value="500"/>
    <property name="java.vm.specification.version" value="19"/>
    <property name="os.name" value="Windows 11"/>
    <property name="sun.java.launcher" value="SUN_STANDARD"/>
    <property name="user.country" value="IT"/>
    <property name="groovy.use.classvalue" value="false"/>
    <property name="mp.openapi.extensions.smallrye.defaultProduces" value="application/json"/>
    <property name="sun.boot.library.path" value="C:\Program Files\Java\jdk-19\bin"/>
    <property name="sun.java.command" value="C:\Users\stage3\AppData\Local\Temp\surefire4428790662913876552\surefirebooter-20231102164640581_3.jar C:\Users\stage3\AppData\Local\Temp\surefire4428790662913876552 2023-11-02T16-46-40_456-jvmRun1 surefire-20231102164640581_1tmp surefire_0-20231102164640581_2tmp"/>
    <property name="jdk.debug" value="release"/>
    <property name="surefire.test.class.path" value="C:\Users\stage3\Desktop\Progetto finale - In4Tek\school-timetabling\target\test-classes;C:\Users\stage3\Desktop\Progetto finale - In4Tek\school-timetabling\target\classes;C:\Users\stage3\.m2\repository\io\quarkus\quarkus-resteasy\3.4.3\quarkus-resteasy-3.4.3.jar;C:\Users\stage3\.m2\repository\io\quarkus\quarkus-vertx-http\3.4.3\quarkus-vertx-http-3.4.3.jar;C:\Users\stage3\.m2\repository\io\quarkus\quarkus-security-runtime-spi\3.4.3\quarkus-security-runtime-spi-3.4.3.jar;C:\Users\stage3\.m2\repository\io\quarkus\quarkus-credentials\3.4.3\quarkus-credentials-3.4.3.jar;C:\Users\stage3\.m2\repository\io\quarkus\quarkus-mutiny\3.4.3\quarkus-mutiny-3.4.3.jar;C:\Users\stage3\.m2\repository\io\smallrye\reactive\mutiny\2.3.1\mutiny-2.3.1.jar;C:\Users\stage3\.m2\repository\io\quarkus\quarkus-smallrye-context-propagation\3.4.3\quarkus-smallrye-context-propagation-3.4.3.jar;C:\Users\stage3\.m2\repository\io\smallrye\smallrye-context-propagation\2.1.0\smallrye-context-propagation-2.1.0.jar;C:\Users\stage3\.m2\repository\io\smallrye\smallrye-context-propagation-api\2.1.0\smallrye-context-propagation-api-2.1.0.jar;C:\Users\stage3\.m2\repository\io\smallrye\smallrye-context-propagation-storage\2.1.0\smallrye-context-propagation-storage-2.1.0.jar;C:\Users\stage3\.m2\repository\io\smallrye\reactive\mutiny-smallrye-context-propagation\2.3.1\mutiny-smallrye-context-propagation-2.3.1.jar;C:\Users\stage3\.m2\repository\io\smallrye\common\smallrye-common-vertx-context\2.1.2\smallrye-common-vertx-context-2.1.2.jar;C:\Users\stage3\.m2\repository\io\vertx\vertx-core\4.4.5\vertx-core-4.4.5.jar;C:\Users\stage3\.m2\repository\io\netty\netty-common\4.1.100.Final\netty-common-4.1.100.Final.jar;C:\Users\stage3\.m2\repository\io\netty\netty-buffer\4.1.100.Final\netty-buffer-4.1.100.Final.jar;C:\Users\stage3\.m2\repository\io\netty\netty-transport\4.1.100.Final\netty-transport-4.1.100.Final.jar;C:\Users\stage3\.m2\repository\io\netty\netty-handler\4.1.100.Final\netty-handler-4.1.100.Final.jar;C:\Users\stage3\.m2\repository\io\netty\netty-transport-native-unix-common\4.1.100.Final\netty-transport-native-unix-common-4.1.100.Final.jar;C:\Users\stage3\.m2\repository\io\netty\netty-handler-proxy\4.1.100.Final\netty-handler-proxy-4.1.100.Final.jar;C:\Users\stage3\.m2\repository\io\netty\netty-codec-socks\4.1.100.Final\netty-codec-socks-4.1.100.Final.jar;C:\Users\stage3\.m2\repository\io\netty\netty-codec-http\4.1.100.Final\netty-codec-http-4.1.100.Final.jar;C:\Users\stage3\.m2\repository\io\netty\netty-codec-http2\4.1.100.Final\netty-codec-http2-4.1.100.Final.jar;C:\Users\stage3\.m2\repository\io\netty\netty-resolver\4.1.100.Final\netty-resolver-4.1.100.Final.jar;C:\Users\stage3\.m2\repository\io\netty\netty-resolver-dns\4.1.100.Final\netty-resolver-dns-4.1.100.Final.jar;C:\Users\stage3\.m2\repository\io\netty\netty-codec-dns\4.1.100.Final\netty-codec-dns-4.1.100.Final.jar;C:\Users\stage3\.m2\repository\io\smallrye\common\smallrye-common-constraint\2.1.2\smallrye-common-constraint-2.1.2.jar;C:\Users\stage3\.m2\repository\io\quarkus\quarkus-vertx-http-dev-console-runtime-spi\3.4.3\quarkus-vertx-http-dev-console-runtime-spi-3.4.3.jar;C:\Users\stage3\.m2\repository\io\quarkus\security\quarkus-security\2.0.2.Final\quarkus-security-2.0.2.Final.jar;C:\Users\stage3\.m2\repository\io\quarkus\quarkus-vertx\3.4.3\quarkus-vertx-3.4.3.jar;C:\Users\stage3\.m2\repository\io\quarkus\quarkus-netty\3.4.3\quarkus-netty-3.4.3.jar;C:\Users\stage3\.m2\repository\io\netty\netty-codec\4.1.100.Final\netty-codec-4.1.100.Final.jar;C:\Users\stage3\.m2\repository\com\aayushatharva\brotli4j\brotli4j\1.12.0\brotli4j-1.12.0.jar;C:\Users\stage3\.m2\repository\com\aayushatharva\brotli4j\service\1.12.0\service-1.12.0.jar;C:\Users\stage3\.m2\repository\com\aayushatharva\brotli4j\native-windows-x86_64\1.12.0\native-windows-x86_64-1.12.0.jar;C:\Users\stage3\.m2\repository\io\netty\netty-codec-haproxy\4.1.100.Final\netty-codec-haproxy-4.1.100.Final.jar;C:\Users\stage3\.m2\repository\io\smallrye\common\smallrye-common-annotation\2.1.2\smallrye-common-annotation-2.1.2.jar;C:\Users\stage3\.m2\repository\io\quarkus\quarkus-virtual-threads\3.4.3\quarkus-virtual-threads-3.4.3.jar;C:\Users\stage3\.m2\repository\io\quarkus\quarkus-vertx-latebound-mdc-provider\3.4.3\quarkus-vertx-latebound-mdc-provider-3.4.3.jar;C:\Users\stage3\.m2\repository\io\smallrye\reactive\smallrye-mutiny-vertx-core\3.5.0\smallrye-mutiny-vertx-core-3.5.0.jar;C:\Users\stage3\.m2\repository\io\smallrye\reactive\smallrye-mutiny-vertx-runtime\3.5.0\smallrye-mutiny-vertx-runtime-3.5.0.jar;C:\Users\stage3\.m2\repository\io\smallrye\reactive\vertx-mutiny-generator\3.5.0\vertx-mutiny-generator-3.5.0.jar;C:\Users\stage3\.m2\repository\io\vertx\vertx-codegen\4.4.5\vertx-codegen-4.4.5.jar;C:\Users\stage3\.m2\repository\io\smallrye\smallrye-fault-tolerance-vertx\6.2.6\smallrye-fault-tolerance-vertx-6.2.6.jar;C:\Users\stage3\.m2\repository\io\smallrye\reactive\smallrye-mutiny-vertx-web\3.5.0\smallrye-mutiny-vertx-web-3.5.0.jar;C:\Users\stage3\.m2\repository\io\smallrye\reactive\smallrye-mutiny-vertx-web-common\3.5.0\smallrye-mutiny-vertx-web-common-3.5.0.jar;C:\Users\stage3\.m2\repository\io\smallrye\reactive\smallrye-mutiny-vertx-auth-common\3.5.0\smallrye-mutiny-vertx-auth-common-3.5.0.jar;C:\Users\stage3\.m2\repository\io\smallrye\reactive\smallrye-mutiny-vertx-bridge-common\3.5.0\smallrye-mutiny-vertx-bridge-common-3.5.0.jar;C:\Users\stage3\.m2\repository\io\smallrye\reactive\smallrye-mutiny-vertx-uri-template\3.5.0\smallrye-mutiny-vertx-uri-template-3.5.0.jar;C:\Users\stage3\.m2\repository\io\vertx\vertx-uri-template\4.4.5\vertx-uri-template-4.4.5.jar;C:\Users\stage3\.m2\repository\io\vertx\vertx-web\4.4.5\vertx-web-4.4.5.jar;C:\Users\stage3\.m2\repository\io\vertx\vertx-web-common\4.4.5\vertx-web-common-4.4.5.jar;C:\Users\stage3\.m2\repository\io\vertx\vertx-auth-common\4.4.5\vertx-auth-common-4.4.5.jar;C:\Users\stage3\.m2\repository\io\vertx\vertx-bridge-common\4.4.5\vertx-bridge-common-4.4.5.jar;C:\Users\stage3\.m2\repository\io\github\crac\org-crac\0.1.3\org-crac-0.1.3.jar;C:\Users\stage3\.m2\repository\io\quarkus\quarkus-resteasy-server-common\3.4.3\quarkus-resteasy-server-common-3.4.3.jar;C:\Users\stage3\.m2\repository\io\quarkus\quarkus-resteasy-common\3.4.3\quarkus-resteasy-common-3.4.3.jar;C:\Users\stage3\.m2\repository\org\jboss\resteasy\resteasy-core\6.2.5.Final\resteasy-core-6.2.5.Final.jar;C:\Users\stage3\.m2\repository\org\reactivestreams\reactive-streams\1.0.4\reactive-streams-1.0.4.jar;C:\Users\stage3\.m2\repository\com\ibm\async\asyncutil\0.1.0\asyncutil-0.1.0.jar;C:\Users\stage3\.m2\repository\org\eclipse\angus\angus-activation\2.0.1\angus-activation-2.0.1.jar;C:\Users\stage3\.m2\repository\jakarta\ws\rs\jakarta.ws.rs-api\3.1.0\jakarta.ws.rs-api-3.1.0.jar;C:\Users\stage3\.m2\repository\org\jboss\resteasy\microprofile\microprofile-config\2.1.4.Final\microprofile-config-2.1.4.Final.jar;C:\Users\stage3\.m2\repository\jakarta\servlet\jakarta.servlet-api\6.0.0\jakarta.servlet-api-6.0.0.jar;C:\Users\stage3\.m2\repository\org\jboss\resteasy\resteasy-cdi\6.2.5.Final\resteasy-cdi-6.2.5.Final.jar;C:\Users\stage3\.m2\repository\jakarta\interceptor\jakarta.interceptor-api\2.1.0\jakarta.interceptor-api-2.1.0.jar;C:\Users\stage3\.m2\repository\org\jboss\resteasy\resteasy-core-spi\6.2.5.Final\resteasy-core-spi-6.2.5.Final.jar;C:\Users\stage3\.m2\repository\org\jboss\weld\weld-api\5.0.SP2\weld-api-5.0.SP2.jar;C:\Users\stage3\.m2\repository\jakarta\validation\jakarta.validation-api\3.0.2\jakarta.validation-api-3.0.2.jar;C:\Users\stage3\.m2\repository\io\quarkus\quarkus-resteasy-jackson\3.4.3\quarkus-resteasy-jackson-3.4.3.jar;C:\Users\stage3\.m2\repository\io\quarkus\quarkus-jackson\3.4.3\quarkus-jackson-3.4.3.jar;C:\Users\stage3\.m2\repository\com\fasterxml\jackson\datatype\jackson-datatype-jsr310\2.15.2\jackson-datatype-jsr310-2.15.2.jar;C:\Users\stage3\.m2\repository\com\fasterxml\jackson\datatype\jackson-datatype-jdk8\2.15.2\jackson-datatype-jdk8-2.15.2.jar;C:\Users\stage3\.m2\repository\com\fasterxml\jackson\module\jackson-module-parameter-names\2.15.2\jackson-module-parameter-names-2.15.2.jar;C:\Users\stage3\.m2\repository\org\jboss\resteasy\resteasy-jackson2-provider\6.2.5.Final\resteasy-jackson2-provider-6.2.5.Final.jar;C:\Users\stage3\.m2\repository\com\fasterxml\jackson\core\jackson-core\2.15.2\jackson-core-2.15.2.jar;C:\Users\stage3\.m2\repository\com\fasterxml\jackson\core\jackson-annotations\2.15.2\jackson-annotations-2.15.2.jar;C:\Users\stage3\.m2\repository\com\fasterxml\jackson\jakarta\rs\jackson-jakarta-rs-base\2.15.2\jackson-jakarta-rs-base-2.15.2.jar;C:\Users\stage3\.m2\repository\com\fasterxml\jackson\jakarta\rs\jackson-jakarta-rs-json-provider\2.15.2\jackson-jakarta-rs-json-provider-2.15.2.jar;C:\Users\stage3\.m2\repository\com\fasterxml\jackson\module\jackson-module-jakarta-xmlbind-annotations\2.15.2\jackson-module-jakarta-xmlbind-annotations-2.15.2.jar;C:\Users\stage3\.m2\repository\com\github\java-json-tools\json-patch\1.13\json-patch-1.13.jar;C:\Users\stage3\.m2\repository\com\github\java-json-tools\msg-simple\1.2\msg-simple-1.2.jar;C:\Users\stage3\.m2\repository\com\github\java-json-tools\btf\1.3\btf-1.3.jar;C:\Users\stage3\.m2\repository\com\github\java-json-tools\jackson-coreutils\2.0\jackson-coreutils-2.0.jar;C:\Users\stage3\.m2\repository\org\jboss\logging\jboss-logging\3.5.3.Final\jboss-logging-3.5.3.Final.jar;C:\Users\stage3\.m2\repository\jakarta\xml\bind\jakarta.xml.bind-api\4.0.0\jakarta.xml.bind-api-4.0.0.jar;C:\Users\stage3\.m2\repository\jakarta\activation\jakarta.activation-api\2.1.2\jakarta.activation-api-2.1.2.jar;C:\Users\stage3\.m2\repository\io\quarkus\quarkus-smallrye-openapi\3.4.3\quarkus-smallrye-openapi-3.4.3.jar;C:\Users\stage3\.m2\repository\io\smallrye\smallrye-open-api-core\3.5.2\smallrye-open-api-core-3.5.2.jar;C:\Users\stage3\.m2\repository\org\eclipse\microprofile\openapi\microprofile-openapi-api\3.1.1\microprofile-openapi-api-3.1.1.jar;C:\Users\stage3\.m2\repository\org\eclipse\microprofile\config\microprofile-config-api\3.0.3\microprofile-config-api-3.0.3.jar;C:\Users\stage3\.m2\repository\com\fasterxml\jackson\dataformat\jackson-dataformat-yaml\2.15.2\jackson-dataformat-yaml-2.15.2.jar;C:\Users\stage3\.m2\repository\org\yaml\snakeyaml\2.1\snakeyaml-2.1.jar;C:\Users\stage3\.m2\repository\io\smallrye\jandex\3.1.3\jandex-3.1.3.jar;C:\Users\stage3\.m2\repository\io\quarkus\quarkus-core\3.4.3\quarkus-core-3.4.3.jar;C:\Users\stage3\.m2\repository\jakarta\annotation\jakarta.annotation-api\2.1.1\jakarta.annotation-api-2.1.1.jar;C:\Users\stage3\.m2\repository\jakarta\enterprise\jakarta.enterprise.cdi-api\4.0.1\jakarta.enterprise.cdi-api-4.0.1.jar;C:\Users\stage3\.m2\repository\jakarta\enterprise\jakarta.enterprise.lang-model\4.0.1\jakarta.enterprise.lang-model-4.0.1.jar;C:\Users\stage3\.m2\repository\jakarta\el\jakarta.el-api\5.0.1\jakarta.el-api-5.0.1.jar;C:\Users\stage3\.m2\repository\io\smallrye\common\smallrye-common-os\2.1.2\smallrye-common-os-2.1.2.jar;C:\Users\stage3\.m2\repository\io\quarkus\quarkus-ide-launcher\3.4.3\quarkus-ide-launcher-3.4.3.jar;C:\Users\stage3\.m2\repository\io\quarkus\quarkus-development-mode-spi\3.4.3\quarkus-development-mode-spi-3.4.3.jar;C:\Users\stage3\.m2\repository\io\smallrye\config\smallrye-config\3.3.4\smallrye-config-3.3.4.jar;C:\Users\stage3\.m2\repository\io\smallrye\config\smallrye-config-core\3.3.4\smallrye-config-core-3.3.4.jar;C:\Users\stage3\.m2\repository\io\smallrye\common\smallrye-common-classloader\2.1.2\smallrye-common-classloader-2.1.2.jar;C:\Users\stage3\.m2\repository\io\smallrye\config\smallrye-config-common\3.3.4\smallrye-config-common-3.3.4.jar;C:\Users\stage3\.m2\repository\org\jboss\logmanager\jboss-logmanager\3.0.2.Final\jboss-logmanager-3.0.2.Final.jar;C:\Users\stage3\.m2\repository\io\smallrye\common\smallrye-common-cpu\2.1.2\smallrye-common-cpu-2.1.2.jar;C:\Users\stage3\.m2\repository\io\smallrye\common\smallrye-common-expression\2.1.2\smallrye-common-expression-2.1.2.jar;C:\Users\stage3\.m2\repository\io\smallrye\common\smallrye-common-function\2.1.2\smallrye-common-function-2.1.2.jar;C:\Users\stage3\.m2\repository\io\smallrye\common\smallrye-common-net\2.1.2\smallrye-common-net-2.1.2.jar;C:\Users\stage3\.m2\repository\io\smallrye\common\smallrye-common-ref\2.1.2\smallrye-common-ref-2.1.2.jar;C:\Users\stage3\.m2\repository\jakarta\json\jakarta.json-api\2.1.2\jakarta.json-api-2.1.2.jar;C:\Users\stage3\.m2\repository\org\eclipse\parsson\parsson\1.1.4\parsson-1.1.4.jar;C:\Users\stage3\.m2\repository\org\jboss\logging\jboss-logging-annotations\2.2.1.Final\jboss-logging-annotations-2.2.1.Final.jar;C:\Users\stage3\.m2\repository\org\jboss\threads\jboss-threads\3.5.0.Final\jboss-threads-3.5.0.Final.jar;C:\Users\stage3\.m2\repository\org\jboss\slf4j\slf4j-jboss-logmanager\2.0.0.Final\slf4j-jboss-logmanager-2.0.0.Final.jar;C:\Users\stage3\.m2\repository\org\wildfly\common\wildfly-common\1.5.4.Final-format-001\wildfly-common-1.5.4.Final-format-001.jar;C:\Users\stage3\.m2\repository\io\quarkus\quarkus-bootstrap-runner\3.4.3\quarkus-bootstrap-runner-3.4.3.jar;C:\Users\stage3\.m2\repository\io\quarkus\quarkus-fs-util\0.0.9\quarkus-fs-util-0.0.9.jar;C:\Users\stage3\.m2\repository\io\quarkus\quarkus-arc\3.4.3\quarkus-arc-3.4.3.jar;C:\Users\stage3\.m2\repository\io\quarkus\arc\arc\3.4.3\arc-3.4.3.jar;C:\Users\stage3\.m2\repository\jakarta\transaction\jakarta.transaction-api\2.0.1\jakarta.transaction-api-2.0.1.jar;C:\Users\stage3\.m2\repository\org\eclipse\microprofile\context-propagation\microprofile-context-propagation-api\1.3\microprofile-context-propagation-api-1.3.jar;C:\Users\stage3\.m2\repository\io\quarkus\quarkus-swagger-ui\3.4.3\quarkus-swagger-ui-3.4.3.jar;C:\Users\stage3\.m2\repository\ai\timefold\solver\timefold-solver-quarkus\1.3.0\timefold-solver-quarkus-1.3.0.jar;C:\Users\stage3\.m2\repository\ai\timefold\solver\timefold-solver-core\1.3.0\timefold-solver-core-1.3.0.jar;C:\Users\stage3\.m2\repository\ai\timefold\solver\timefold-solver-core-impl\1.3.0\timefold-solver-core-impl-1.3.0.jar;C:\Users\stage3\.m2\repository\org\apache\commons\commons-math3\3.6.1\commons-math3-3.6.1.jar;C:\Users\stage3\.m2\repository\io\micrometer\micrometer-core\1.11.1\micrometer-core-1.11.1.jar;C:\Users\stage3\.m2\repository\io\micrometer\micrometer-commons\1.11.1\micrometer-commons-1.11.1.jar;C:\Users\stage3\.m2\repository\io\micrometer\micrometer-observation\1.11.1\micrometer-observation-1.11.1.jar;C:\Users\stage3\.m2\repository\org\hdrhistogram\HdrHistogram\2.1.12\HdrHistogram-2.1.12.jar;C:\Users\stage3\.m2\repository\org\latencyutils\LatencyUtils\2.0.3\LatencyUtils-2.0.3.jar;C:\Users\stage3\.m2\repository\org\glassfish\jaxb\jaxb-runtime\4.0.3\jaxb-runtime-4.0.3.jar;C:\Users\stage3\.m2\repository\org\glassfish\jaxb\jaxb-core\4.0.3\jaxb-core-4.0.3.jar;C:\Users\stage3\.m2\repository\org\glassfish\jaxb\txw2\4.0.3\txw2-4.0.3.jar;C:\Users\stage3\.m2\repository\com\sun\istack\istack-commons-runtime\4.1.2\istack-commons-runtime-4.1.2.jar;C:\Users\stage3\.m2\repository\io\quarkus\gizmo\gizmo\1.6.1.Final\gizmo-1.6.1.Final.jar;C:\Users\stage3\.m2\repository\org\ow2\asm\asm\9.5\asm-9.5.jar;C:\Users\stage3\.m2\repository\org\ow2\asm\asm-util\9.5\asm-util-9.5.jar;C:\Users\stage3\.m2\repository\org\ow2\asm\asm-tree\9.5\asm-tree-9.5.jar;C:\Users\stage3\.m2\repository\org\ow2\asm\asm-analysis\9.5\asm-analysis-9.5.jar;C:\Users\stage3\.m2\repository\org\graalvm\sdk\graal-sdk\23.0.1\graal-sdk-23.0.1.jar;C:\Users\stage3\.m2\repository\ai\timefold\solver\timefold-solver-quarkus-jackson\1.3.0\timefold-solver-quarkus-jackson-1.3.0.jar;C:\Users\stage3\.m2\repository\ai\timefold\solver\timefold-solver-jackson\1.3.0\timefold-solver-jackson-1.3.0.jar;C:\Users\stage3\.m2\repository\ai\timefold\solver\timefold-solver-persistence-common\1.3.0\timefold-solver-persistence-common-1.3.0.jar;C:\Users\stage3\.m2\repository\com\fasterxml\jackson\core\jackson-databind\2.15.2\jackson-databind-2.15.2.jar;C:\Users\stage3\.m2\repository\jakarta\inject\jakarta.inject-api\2.0.1\jakarta.inject-api-2.0.1.jar;C:\Users\stage3\.m2\repository\io\quarkus\quarkus-junit5\3.4.3\quarkus-junit5-3.4.3.jar;C:\Users\stage3\.m2\repository\io\quarkus\quarkus-bootstrap-core\3.4.3\quarkus-bootstrap-core-3.4.3.jar;C:\Users\stage3\.m2\repository\io\quarkus\quarkus-bootstrap-app-model\3.4.3\quarkus-bootstrap-app-model-3.4.3.jar;C:\Users\stage3\.m2\repository\io\smallrye\common\smallrye-common-io\2.1.2\smallrye-common-io-2.1.2.jar;C:\Users\stage3\.m2\repository\org\eclipse\sisu\org.eclipse.sisu.inject\0.3.5\org.eclipse.sisu.inject-0.3.5.jar;C:\Users\stage3\.m2\repository\io\quarkus\quarkus-test-common\3.4.3\quarkus-test-common-3.4.3.jar;C:\Users\stage3\.m2\repository\io\quarkus\quarkus-core-deployment\3.4.3\quarkus-core-deployment-3.4.3.jar;C:\Users\stage3\.m2\repository\org\aesh\readline\2.4\readline-2.4.jar;C:\Users\stage3\.m2\repository\org\fusesource\jansi\jansi\2.4.0\jansi-2.4.0.jar;C:\Users\stage3\.m2\repository\org\aesh\aesh\2.7\aesh-2.7.jar;C:\Users\stage3\.m2\repository\org\ow2\asm\asm-commons\9.5\asm-commons-9.5.jar;C:\Users\stage3\.m2\repository\io\quarkus\quarkus-class-change-agent\3.4.3\quarkus-class-change-agent-3.4.3.jar;C:\Users\stage3\.m2\repository\io\quarkus\quarkus-devtools-utilities\3.4.3\quarkus-devtools-utilities-3.4.3.jar;C:\Users\stage3\.m2\repository\io\quarkus\quarkus-builder\3.4.3\quarkus-builder-3.4.3.jar;C:\Users\stage3\.m2\repository\org\junit\platform\junit-platform-launcher\1.9.3\junit-platform-launcher-1.9.3.jar;C:\Users\stage3\.m2\repository\io\quarkus\quarkus-bootstrap-maven-resolver\3.4.3\quarkus-bootstrap-maven-resolver-3.4.3.jar;C:\Users\stage3\.m2\repository\io\smallrye\beanbag\smallrye-beanbag-maven\1.3.2\smallrye-beanbag-maven-1.3.2.jar;C:\Users\stage3\.m2\repository\io\smallrye\beanbag\smallrye-beanbag-sisu\1.3.2\smallrye-beanbag-sisu-1.3.2.jar;C:\Users\stage3\.m2\repository\io\smallrye\beanbag\smallrye-beanbag\1.3.2\smallrye-beanbag-1.3.2.jar;C:\Users\stage3\.m2\repository\javax\inject\javax.inject\1\javax.inject-1.jar;C:\Users\stage3\.m2\repository\org\apache\maven\maven-artifact\3.9.3\maven-artifact-3.9.3.jar;C:\Users\stage3\.m2\repository\org\apache\maven\maven-builder-support\3.9.3\maven-builder-support-3.9.3.jar;C:\Users\stage3\.m2\repository\org\apache\maven\maven-model\3.9.3\maven-model-3.9.3.jar;C:\Users\stage3\.m2\repository\org\apache\maven\maven-model-builder\3.9.3\maven-model-builder-3.9.3.jar;C:\Users\stage3\.m2\repository\org\apache\maven\maven-repository-metadata\3.9.3\maven-repository-metadata-3.9.3.jar;C:\Users\stage3\.m2\repository\org\apache\maven\maven-settings\3.9.3\maven-settings-3.9.3.jar;C:\Users\stage3\.m2\repository\org\apache\maven\resolver\maven-resolver-api\1.9.13\maven-resolver-api-1.9.13.jar;C:\Users\stage3\.m2\repository\org\apache\maven\resolver\maven-resolver-impl\1.9.13\maven-resolver-impl-1.9.13.jar;C:\Users\stage3\.m2\repository\org\apache\maven\resolver\maven-resolver-named-locks\1.9.13\maven-resolver-named-locks-1.9.13.jar;C:\Users\stage3\.m2\repository\org\apache\maven\resolver\maven-resolver-spi\1.9.13\maven-resolver-spi-1.9.13.jar;C:\Users\stage3\.m2\repository\org\apache\maven\resolver\maven-resolver-util\1.9.13\maven-resolver-util-1.9.13.jar;C:\Users\stage3\.m2\repository\org\apache\maven\resolver\maven-resolver-transport-http\1.9.10\maven-resolver-transport-http-1.9.10.jar;C:\Users\stage3\.m2\repository\org\apache\maven\wagon\wagon-provider-api\3.5.3\wagon-provider-api-3.5.3.jar;C:\Users\stage3\.m2\repository\org\apache\maven\wagon\wagon-http-shared\3.5.3\wagon-http-shared-3.5.3.jar;C:\Users\stage3\.m2\repository\org\codehaus\plexus\plexus-interpolation\1.26\plexus-interpolation-1.26.jar;C:\Users\stage3\.m2\repository\org\codehaus\plexus\plexus-utils\3.5.1\plexus-utils-3.5.1.jar;C:\Users\stage3\.m2\repository\org\codehaus\plexus\plexus-xml\4.0.0\plexus-xml-4.0.0.jar;C:\Users\stage3\.m2\repository\org\apache\maven\maven-xml-impl\4.0.0-alpha-5\maven-xml-impl-4.0.0-alpha-5.jar;C:\Users\stage3\.m2\repository\org\apache\maven\maven-api-xml\4.0.0-alpha-5\maven-api-xml-4.0.0-alpha-5.jar;C:\Users\stage3\.m2\repository\org\apache\maven\maven-api-meta\4.0.0-alpha-5\maven-api-meta-4.0.0-alpha-5.jar;C:\Users\stage3\.m2\repository\org\codehaus\plexus\plexus-cipher\2.0\plexus-cipher-2.0.jar;C:\Users\stage3\.m2\repository\org\codehaus\plexus\plexus-sec-dispatcher\2.0\plexus-sec-dispatcher-2.0.jar;C:\Users\stage3\.m2\repository\org\apache\maven\maven-embedder\3.9.3\maven-embedder-3.9.3.jar;C:\Users\stage3\.m2\repository\org\apache\maven\maven-core\3.9.3\maven-core-3.9.3.jar;C:\Users\stage3\.m2\repository\org\codehaus\plexus\plexus-component-annotations\2.1.0\plexus-component-annotations-2.1.0.jar;C:\Users\stage3\.m2\repository\org\apache\maven\maven-plugin-api\3.9.3\maven-plugin-api-3.9.3.jar;C:\Users\stage3\.m2\repository\org\apache\maven\shared\maven-shared-utils\3.3.4\maven-shared-utils-3.3.4.jar;C:\Users\stage3\.m2\repository\com\google\inject\guice\5.1.0\guice-5.1.0.jar;C:\Users\stage3\.m2\repository\aopalliance\aopalliance\1.0\aopalliance-1.0.jar;C:\Users\stage3\.m2\repository\com\google\guava\guava\32.1.1-jre\guava-32.1.1-jre.jar;C:\Users\stage3\.m2\repository\com\google\guava\failureaccess\1.0.1\failureaccess-1.0.1.jar;C:\Users\stage3\.m2\repository\javax\annotation\javax.annotation-api\1.3.2\javax.annotation-api-1.3.2.jar;C:\Users\stage3\.m2\repository\org\codehaus\plexus\plexus-classworlds\2.6.0\plexus-classworlds-2.6.0.jar;C:\Users\stage3\.m2\repository\commons-cli\commons-cli\1.5.0\commons-cli-1.5.0.jar;C:\Users\stage3\.m2\repository\org\eclipse\sisu\org.eclipse.sisu.plexus\0.3.5\org.eclipse.sisu.plexus-0.3.5.jar;C:\Users\stage3\.m2\repository\org\apache\maven\maven-settings-builder\3.9.3\maven-settings-builder-3.9.3.jar;C:\Users\stage3\.m2\repository\org\apache\maven\maven-resolver-provider\3.9.3\maven-resolver-provider-3.9.3.jar;C:\Users\stage3\.m2\repository\org\apache\maven\resolver\maven-resolver-connector-basic\1.9.13\maven-resolver-connector-basic-1.9.13.jar;C:\Users\stage3\.m2\repository\org\apache\maven\resolver\maven-resolver-transport-wagon\1.9.13\maven-resolver-transport-wagon-1.9.13.jar;C:\Users\stage3\.m2\repository\org\apache\maven\wagon\wagon-http\3.5.3\wagon-http-3.5.3.jar;C:\Users\stage3\.m2\repository\org\apache\maven\wagon\wagon-file\3.5.3\wagon-file-3.5.3.jar;C:\Users\stage3\.m2\repository\io\quarkus\quarkus-bootstrap-gradle-resolver\3.4.3\quarkus-bootstrap-gradle-resolver-3.4.3.jar;C:\Users\stage3\.m2\repository\commons-io\commons-io\2.13.0\commons-io-2.13.0.jar;C:\Users\stage3\.m2\repository\org\jboss\logging\commons-logging-jboss-logging\1.0.0.Final\commons-logging-jboss-logging-1.0.0.Final.jar;C:\Users\stage3\.m2\repository\io\quarkus\quarkus-junit5-properties\3.4.3\quarkus-junit5-properties-3.4.3.jar;C:\Users\stage3\.m2\repository\org\junit\jupiter\junit-jupiter\5.9.3\junit-jupiter-5.9.3.jar;C:\Users\stage3\.m2\repository\org\junit\jupiter\junit-jupiter-api\5.9.3\junit-jupiter-api-5.9.3.jar;C:\Users\stage3\.m2\repository\org\opentest4j\opentest4j\1.2.0\opentest4j-1.2.0.jar;C:\Users\stage3\.m2\repository\org\junit\platform\junit-platform-commons\1.9.3\junit-platform-commons-1.9.3.jar;C:\Users\stage3\.m2\repository\org\apiguardian\apiguardian-api\1.1.2\apiguardian-api-1.1.2.jar;C:\Users\stage3\.m2\repository\org\junit\jupiter\junit-jupiter-params\5.9.3\junit-jupiter-params-5.9.3.jar;C:\Users\stage3\.m2\repository\org\junit\jupiter\junit-jupiter-engine\5.9.3\junit-jupiter-engine-5.9.3.jar;C:\Users\stage3\.m2\repository\org\junit\platform\junit-platform-engine\1.9.3\junit-platform-engine-1.9.3.jar;C:\Users\stage3\.m2\repository\com\thoughtworks\xstream\xstream\1.4.20\xstream-1.4.20.jar;C:\Users\stage3\.m2\repository\io\github\x-stream\mxparser\1.2.2\mxparser-1.2.2.jar;C:\Users\stage3\.m2\repository\xmlpull\xmlpull\1.1.3.1\xmlpull-1.1.3.1.jar;C:\Users\stage3\.m2\repository\io\rest-assured\rest-assured\5.3.0\rest-assured-5.3.0.jar;C:\Users\stage3\.m2\repository\org\apache\groovy\groovy\4.0.6\groovy-4.0.6.jar;C:\Users\stage3\.m2\repository\org\apache\groovy\groovy-xml\4.0.6\groovy-xml-4.0.6.jar;C:\Users\stage3\.m2\repository\org\apache\httpcomponents\httpclient\4.5.14\httpclient-4.5.14.jar;C:\Users\stage3\.m2\repository\org\apache\httpcomponents\httpcore\4.4.16\httpcore-4.4.16.jar;C:\Users\stage3\.m2\repository\commons-codec\commons-codec\1.16.0\commons-codec-1.16.0.jar;C:\Users\stage3\.m2\repository\org\apache\httpcomponents\httpmime\4.5.14\httpmime-4.5.14.jar;C:\Users\stage3\.m2\repository\org\hamcrest\hamcrest\2.1\hamcrest-2.1.jar;C:\Users\stage3\.m2\repository\org\ccil\cowan\tagsoup\tagsoup\1.2.1\tagsoup-1.2.1.jar;C:\Users\stage3\.m2\repository\io\rest-assured\json-path\5.3.0\json-path-5.3.0.jar;C:\Users\stage3\.m2\repository\org\apache\groovy\groovy-json\4.0.6\groovy-json-4.0.6.jar;C:\Users\stage3\.m2\repository\io\rest-assured\rest-assured-common\5.3.0\rest-assured-common-5.3.0.jar;C:\Users\stage3\.m2\repository\io\rest-assured\xml-path\5.3.0\xml-path-5.3.0.jar;C:\Users\stage3\.m2\repository\org\apache\commons\commons-lang3\3.12.0\commons-lang3-3.12.0.jar;C:\Users\stage3\.m2\repository\ai\timefold\solver\timefold-solver-test\1.3.0\timefold-solver-test-1.3.0.jar;C:\Users\stage3\.m2\repository\ai\timefold\solver\timefold-solver-constraint-streams\1.3.0\timefold-solver-constraint-streams-1.3.0.jar;C:\Users\stage3\.m2\repository\org\slf4j\slf4j-api\2.0.6\slf4j-api-2.0.6.jar;C:\Users\stage3\.m2\repository\org\awaitility\awaitility\4.2.0\awaitility-4.2.0.jar;C:\Users\stage3\.m2\repository\io\quarkus\quarkus-webjars-locator\3.4.3\quarkus-webjars-locator-3.4.3.jar;C:\Users\stage3\.m2\repository\ai\timefold\solver\timefold-solver-webui\1.3.0\timefold-solver-webui-1.3.0.jar;C:\Users\stage3\.m2\repository\org\webjars\bootstrap\5.2.3\bootstrap-5.2.3.jar;C:\Users\stage3\.m2\repository\org\webjars\jquery\3.6.4\jquery-3.6.4.jar;C:\Users\stage3\.m2\repository\org\webjars\font-awesome\5.15.1\font-awesome-5.15.1.jar;C:\Users\stage3\.m2\repository\org\webjars\npm\js-joda\1.11.0\js-joda-1.11.0.jar;C:\Users\stage3\.m2\repository\io\quarkus\quarkus-container-image-jib\3.4.3\quarkus-container-image-jib-3.4.3.jar;C:\Users\stage3\.m2\repository\io\quarkus\quarkus-container-image\3.4.3\quarkus-container-image-3.4.3.jar;"/>
    <property name="sun.cpu.endian" value="little"/>
    <property name="vertx.disableWebsockets" value="true"/>
    <property name="user.home" value="C:\Users\stage3"/>
    <property name="user.language" value="it"/>
    <property name="jboss.log-version" value="false"/>
    <property name="java.specification.vendor" value="Oracle Corporation"/>
    <property name="io.netty.allocator.maxOrder" value="3"/>
    <property name="java.version.date" value="2023-01-17"/>
    <property name="java.home" value="C:\Program Files\Java\jdk-19"/>
    <property name="file.separator" value="\"/>
    <property name="basedir" value="C:\Users\stage3\Desktop\Progetto finale - In4Tek\school-timetabling"/>
    <property name="java.vm.compressedOopsMode" value="Zero based"/>
    <property name="line.separator" value="&#10;"/>
    <property name="java.vm.specification.vendor" value="Oracle Corporation"/>
    <property name="java.specification.name" value="Java Platform API Specification"/>
    <property name="surefire.real.class.path" value="C:\Users\stage3\AppData\Local\Temp\surefire4428790662913876552\surefirebooter-20231102164640581_3.jar"/>
    <property name="user.script" value=""/>
    <property name="sun.management.compiler" value="HotSpot 64-Bit Tiered Compilers"/>
    <property name="java.runtime.version" value="19.0.2+7-44"/>
    <property name="user.name" value="stage3"/>
    <property name="stdout.encoding" value="Cp1252"/>
    <property name="dev.resteasy.exception.mapper" value="false"/>
    <property name="path.separator" value=";"/>
    <property name="os.version" value="10.0"/>
    <property name="java.runtime.name" value="Java(TM) SE Runtime Environment"/>
    <property name="file.encoding" value="UTF-8"/>
    <property name="java.vm.name" value="Java HotSpot(TM) 64-Bit Server VM"/>
    <property name="localRepository" value="C:\Users\stage3\.m2\repository"/>
    <property name="java.vendor.url.bug" value="https://bugreport.java.com/bugreport/"/>
    <property name="java.io.tmpdir" value="C:\Users\stage3\AppData\Local\Temp\"/>
    <property name="quarkus.log.file.path" value="target\quarkus.log"/>
    <property name="java.version" value="19.0.2"/>
    <property name="java.util.concurrent.ForkJoinPool.common.threadFactory" value="io.quarkus.bootstrap.forkjoin.QuarkusForkJoinWorkerThreadFactory"/>
    <property name="user.dir" value="C:\Users\stage3\Desktop\Progetto finale - In4Tek\school-timetabling"/>
    <property name="os.arch" value="amd64"/>
    <property name="java.vm.specification.name" value="Java Virtual Machine Specification"/>
    <property name="vertx.disableDnsResolver" value="true"/>
    <property name="sun.os.patch.level" value=""/>
    <property name="native.encoding" value="Cp1252"/>
    <property name="java.util.logging.manager" value="org.jboss.logmanager.LogManager"/>
    <property name="java.library.path" value="C:\Program Files\Java\jdk-19\bin;C:\WINDOWS\Sun\Java\bin;C:\WINDOWS\system32;C:\WINDOWS;C:\Python311\Scripts\;C:\Python311\;C:\Program Files\Common Files\Oracle\Java\javapath;C:\Program Files (x86)\Common Files\Oracle\Java\javapath;C:\WINDOWS\system32;C:\WINDOWS;C:\WINDOWS\System32\Wbem;C:\WINDOWS\System32\WindowsPowerShell\v1.0\;C:\WINDOWS\System32\OpenSSH\;C:\Users\stage3\.dnx\bin;C:\Program Files\Microsoft DNX\Dnvm\;C:\Program Files\Microsoft SQL Server\130\Tools\Binn\;C:\Program Files (x86)\Microsoft SQL Server\150\DTS\Binn\;C:\Program Files\Azure Data Studio\bin;C:\Program Files\Microsoft SQL Server\Client SDK\ODBC\170\Tools\Binn\;C:\Program Files (x86)\Microsoft SQL Server\150\Tools\Binn\;C:\Program Files\Microsoft SQL Server\150\Tools\Binn\;C:\Program Files\Microsoft SQL Server\150\DTS\Binn\;C:\Program Files\dotnet\;C:\Program Files\PuTTY\;C:\ProgramData\chocolatey\bin;C:\Program Files\nodejs\;C:\Program Files\Docker\Docker\resources\bin;C:\Program Files (x86)\Microsoft SQL Server\160\Tools\Binn\;C:\Program Files\Microsoft SQL Server\160\Tools\Binn\;C:\Program Files\Microsoft SQL Server\160\DTS\Binn\;C:\Program Files (x86)\Microsoft SQL Server\160\DTS\Binn\;C:\apache-maven-3.8.8\bin;C:\Users\stage3\AppData\Local\Microsoft\WindowsApps;C:\Users\stage3\AppData\Roaming\npm;C:\Users\stage3\AppData\Local\Programs\Microsoft VS Code\bin;C:\Users\stage3\.dotnet\tools;C:\Users\stage3\Git\cmd;C:\Users\stage3\AppData\Local\GitHubDesktop\bin;."/>
    <property name="java.vm.info" value="mixed mode, sharing"/>
    <property name="stderr.encoding" value="Cp1252"/>
    <property name="java.vendor" value="Oracle Corporation"/>
    <property name="vertx.disableTCCL" value="true"/>
    <property name="java.vm.version" value="19.0.2+7-44"/>
    <property name="sun.io.unicode.encoding" value="UnicodeLittle"/>
    <property name="io.netty.machineId" value="10:fb:84:8a:5f:71:89:a7"/>
    <property name="java.class.version" value="63.0"/>
    <property name="mp.openapi.extensions.smallrye.defaultConsumes" value="application/json"/>
  </properties>
  <testcase name="teacherRoomStability" classname="org.acme.schooltimetabling.solver.TimetableConstraintProviderTest" time="0.03"/>
  <testcase name="roomConflict" classname="org.acme.schooltimetabling.solver.TimetableConstraintProviderTest" time="0.006"/>
  <testcase name="teacherConflict" classname="org.acme.schooltimetabling.solver.TimetableConstraintProviderTest" time="0.004"/>
  <testcase name="studentGroupConflict" classname="org.acme.schooltimetabling.solver.TimetableConstraintProviderTest" time="0.004"/>
  <testcase name="studentGroupSubjectVariety" classname="org.acme.schooltimetabling.solver.TimetableConstraintProviderTest" time="0.005"/>
  <testcase name="teacherTimeEfficiency" classname="org.acme.schooltimetabling.solver.TimetableConstraintProviderTest" time="0.003"/>
</testsuite>